<?xml version="1.0" encoding="UTF-8"?>
<testsuite xmlns:xsi="http://www.w3.org/2001/XMLSchema-instance" xsi:noNamespaceSchemaLocation="https://maven.apache.org/surefire/maven-surefire-plugin/xsd/surefire-test-report.xsd" name="com.server.server.ServerApplicationTests" time="1.947" tests="1" errors="1" skipped="0" failures="0">
  <properties>
    <property name="sun.desktop" value="windows"/>
    <property name="awt.toolkit" value="sun.awt.windows.WToolkit"/>
    <property name="java.specification.version" value="10"/>
    <property name="file.encoding.pkg" value="sun.io"/>
    <property name="sun.cpu.isalist" value="amd64"/>
    <property name="sun.jnu.encoding" value="GBK"/>
    <property name="java.class.path" value="E:\why_homework\A4\Android\ser\target\test-classes;E:\why_homework\A4\Android\ser\target\classes;C:\Users\87643\.m2\repository\org\springframework\boot\spring-boot-starter-data-jdbc\2.2.6.RELEASE\spring-boot-starter-data-jdbc-2.2.6.RELEASE.jar;C:\Users\87643\.m2\repository\org\springframework\data\spring-data-jdbc\1.1.6.RELEASE\spring-data-jdbc-1.1.6.RELEASE.jar;C:\Users\87643\.m2\repository\org\springframework\data\spring-data-relational\1.1.6.RELEASE\spring-data-relational-1.1.6.RELEASE.jar;C:\Users\87643\.m2\repository\org\springframework\data\spring-data-commons\2.2.6.RELEASE\spring-data-commons-2.2.6.RELEASE.jar;C:\Users\87643\.m2\repository\org\springframework\spring-tx\5.2.5.RELEASE\spring-tx-5.2.5.RELEASE.jar;C:\Users\87643\.m2\repository\org\springframework\spring-context\5.2.5.RELEASE\spring-context-5.2.5.RELEASE.jar;C:\Users\87643\.m2\repository\org\springframework\spring-beans\5.2.5.RELEASE\spring-beans-5.2.5.RELEASE.jar;C:\Users\87643\.m2\repository\org\slf4j\slf4j-api\1.7.30\slf4j-api-1.7.30.jar;C:\Users\87643\.m2\repository\org\springframework\boot\spring-boot-starter-jdbc\2.2.6.RELEASE\spring-boot-starter-jdbc-2.2.6.RELEASE.jar;C:\Users\87643\.m2\repository\org\springframework\boot\spring-boot-starter\2.2.6.RELEASE\spring-boot-starter-2.2.6.RELEASE.jar;C:\Users\87643\.m2\repository\org\springframework\boot\spring-boot\2.2.6.RELEASE\spring-boot-2.2.6.RELEASE.jar;C:\Users\87643\.m2\repository\org\springframework\boot\spring-boot-autoconfigure\2.2.6.RELEASE\spring-boot-autoconfigure-2.2.6.RELEASE.jar;C:\Users\87643\.m2\repository\org\springframework\boot\spring-boot-starter-logging\2.2.6.RELEASE\spring-boot-starter-logging-2.2.6.RELEASE.jar;C:\Users\87643\.m2\repository\ch\qos\logback\logback-classic\1.2.3\logback-classic-1.2.3.jar;C:\Users\87643\.m2\repository\ch\qos\logback\logback-core\1.2.3\logback-core-1.2.3.jar;C:\Users\87643\.m2\repository\org\apache\logging\log4j\log4j-to-slf4j\2.12.1\log4j-to-slf4j-2.12.1.jar;C:\Users\87643\.m2\repository\org\apache\logging\log4j\log4j-api\2.12.1\log4j-api-2.12.1.jar;C:\Users\87643\.m2\repository\org\slf4j\jul-to-slf4j\1.7.30\jul-to-slf4j-1.7.30.jar;C:\Users\87643\.m2\repository\jakarta\annotation\jakarta.annotation-api\1.3.5\jakarta.annotation-api-1.3.5.jar;C:\Users\87643\.m2\repository\org\yaml\snakeyaml\1.25\snakeyaml-1.25.jar;C:\Users\87643\.m2\repository\com\zaxxer\HikariCP\3.4.2\HikariCP-3.4.2.jar;C:\Users\87643\.m2\repository\org\springframework\spring-jdbc\5.2.5.RELEASE\spring-jdbc-5.2.5.RELEASE.jar;C:\Users\87643\.m2\repository\org\springframework\boot\spring-boot-starter-web\2.2.6.RELEASE\spring-boot-starter-web-2.2.6.RELEASE.jar;C:\Users\87643\.m2\repository\org\springframework\boot\spring-boot-starter-json\2.2.6.RELEASE\spring-boot-starter-json-2.2.6.RELEASE.jar;C:\Users\87643\.m2\repository\com\fasterxml\jackson\core\jackson-databind\2.10.3\jackson-databind-2.10.3.jar;C:\Users\87643\.m2\repository\com\fasterxml\jackson\core\jackson-annotations\2.10.3\jackson-annotations-2.10.3.jar;C:\Users\87643\.m2\repository\com\fasterxml\jackson\core\jackson-core\2.10.3\jackson-core-2.10.3.jar;C:\Users\87643\.m2\repository\com\fasterxml\jackson\datatype\jackson-datatype-jdk8\2.10.3\jackson-datatype-jdk8-2.10.3.jar;C:\Users\87643\.m2\repository\com\fasterxml\jackson\datatype\jackson-datatype-jsr310\2.10.3\jackson-datatype-jsr310-2.10.3.jar;C:\Users\87643\.m2\repository\com\fasterxml\jackson\module\jackson-module-parameter-names\2.10.3\jackson-module-parameter-names-2.10.3.jar;C:\Users\87643\.m2\repository\org\springframework\boot\spring-boot-starter-tomcat\2.2.6.RELEASE\spring-boot-starter-tomcat-2.2.6.RELEASE.jar;C:\Users\87643\.m2\repository\org\apache\tomcat\embed\tomcat-embed-core\9.0.33\tomcat-embed-core-9.0.33.jar;C:\Users\87643\.m2\repository\org\apache\tomcat\embed\tomcat-embed-el\9.0.33\tomcat-embed-el-9.0.33.jar;C:\Users\87643\.m2\repository\org\apache\tomcat\embed\tomcat-embed-websocket\9.0.33\tomcat-embed-websocket-9.0.33.jar;C:\Users\87643\.m2\repository\org\springframework\boot\spring-boot-starter-validation\2.2.6.RELEASE\spring-boot-starter-validation-2.2.6.RELEASE.jar;C:\Users\87643\.m2\repository\jakarta\validation\jakarta.validation-api\2.0.2\jakarta.validation-api-2.0.2.jar;C:\Users\87643\.m2\repository\org\hibernate\validator\hibernate-validator\6.0.18.Final\hibernate-validator-6.0.18.Final.jar;C:\Users\87643\.m2\repository\org\jboss\logging\jboss-logging\3.4.1.Final\jboss-logging-3.4.1.Final.jar;C:\Users\87643\.m2\repository\com\fasterxml\classmate\1.5.1\classmate-1.5.1.jar;C:\Users\87643\.m2\repository\org\springframework\spring-web\5.2.5.RELEASE\spring-web-5.2.5.RELEASE.jar;C:\Users\87643\.m2\repository\org\springframework\spring-webmvc\5.2.5.RELEASE\spring-webmvc-5.2.5.RELEASE.jar;C:\Users\87643\.m2\repository\org\springframework\spring-aop\5.2.5.RELEASE\spring-aop-5.2.5.RELEASE.jar;C:\Users\87643\.m2\repository\org\springframework\spring-expression\5.2.5.RELEASE\spring-expression-5.2.5.RELEASE.jar;C:\Users\87643\.m2\repository\mysql\mysql-connector-java\8.0.19\mysql-connector-java-8.0.19.jar;C:\Users\87643\.m2\repository\org\springframework\boot\spring-boot-starter-test\2.2.6.RELEASE\spring-boot-starter-test-2.2.6.RELEASE.jar;C:\Users\87643\.m2\repository\org\springframework\boot\spring-boot-test\2.2.6.RELEASE\spring-boot-test-2.2.6.RELEASE.jar;C:\Users\87643\.m2\repository\org\springframework\boot\spring-boot-test-autoconfigure\2.2.6.RELEASE\spring-boot-test-autoconfigure-2.2.6.RELEASE.jar;C:\Users\87643\.m2\repository\com\jayway\jsonpath\json-path\2.4.0\json-path-2.4.0.jar;C:\Users\87643\.m2\repository\net\minidev\json-smart\2.3\json-smart-2.3.jar;C:\Users\87643\.m2\repository\net\minidev\accessors-smart\1.2\accessors-smart-1.2.jar;C:\Users\87643\.m2\repository\org\ow2\asm\asm\5.0.4\asm-5.0.4.jar;C:\Users\87643\.m2\repository\jakarta\xml\bind\jakarta.xml.bind-api\2.3.3\jakarta.xml.bind-api-2.3.3.jar;C:\Users\87643\.m2\repository\jakarta\activation\jakarta.activation-api\1.2.2\jakarta.activation-api-1.2.2.jar;C:\Users\87643\.m2\repository\org\junit\jupiter\junit-jupiter\5.5.2\junit-jupiter-5.5.2.jar;C:\Users\87643\.m2\repository\org\junit\jupiter\junit-jupiter-api\5.5.2\junit-jupiter-api-5.5.2.jar;C:\Users\87643\.m2\repository\org\apiguardian\apiguardian-api\1.1.0\apiguardian-api-1.1.0.jar;C:\Users\87643\.m2\repository\org\opentest4j\opentest4j\1.2.0\opentest4j-1.2.0.jar;C:\Users\87643\.m2\repository\org\junit\platform\junit-platform-commons\1.5.2\junit-platform-commons-1.5.2.jar;C:\Users\87643\.m2\repository\org\junit\jupiter\junit-jupiter-params\5.5.2\junit-jupiter-params-5.5.2.jar;C:\Users\87643\.m2\repository\org\junit\jupiter\junit-jupiter-engine\5.5.2\junit-jupiter-engine-5.5.2.jar;C:\Users\87643\.m2\repository\org\junit\platform\junit-platform-engine\1.5.2\junit-platform-engine-1.5.2.jar;C:\Users\87643\.m2\repository\org\mockito\mockito-junit-jupiter\3.1.0\mockito-junit-jupiter-3.1.0.jar;C:\Users\87643\.m2\repository\org\assertj\assertj-core\3.13.2\assertj-core-3.13.2.jar;C:\Users\87643\.m2\repository\org\hamcrest\hamcrest\2.1\hamcrest-2.1.jar;C:\Users\87643\.m2\repository\org\mockito\mockito-core\3.1.0\mockito-core-3.1.0.jar;C:\Users\87643\.m2\repository\net\bytebuddy\byte-buddy\1.10.8\byte-buddy-1.10.8.jar;C:\Users\87643\.m2\repository\net\bytebuddy\byte-buddy-agent\1.10.8\byte-buddy-agent-1.10.8.jar;C:\Users\87643\.m2\repository\org\objenesis\objenesis\2.6\objenesis-2.6.jar;C:\Users\87643\.m2\repository\org\skyscreamer\jsonassert\1.5.0\jsonassert-1.5.0.jar;C:\Users\87643\.m2\repository\com\vaadin\external\google\android-json\0.0.20131108.vaadin1\android-json-0.0.20131108.vaadin1.jar;C:\Users\87643\.m2\repository\org\springframework\spring-core\5.2.5.RELEASE\spring-core-5.2.5.RELEASE.jar;C:\Users\87643\.m2\repository\org\springframework\spring-jcl\5.2.5.RELEASE\spring-jcl-5.2.5.RELEASE.jar;C:\Users\87643\.m2\repository\org\springframework\spring-test\5.2.5.RELEASE\spring-test-5.2.5.RELEASE.jar;C:\Users\87643\.m2\repository\org\xmlunit\xmlunit-core\2.6.4\xmlunit-core-2.6.4.jar;"/>
    <property name="java.vm.vendor" value="&quot;Oracle Corporation&quot;"/>
    <property name="sun.arch.data.model" value="64"/>
    <property name="user.variant" value=""/>
    <property name="java.vendor.url" value="http://java.oracle.com/"/>
    <property name="user.timezone" value="Asia/Shanghai"/>
    <property name="java.vm.specification.version" value="10"/>
    <property name="os.name" value="Windows 10"/>
    <property name="sun.java.launcher" value="SUN_STANDARD"/>
    <property name="user.country" value="CN"/>
    <property name="sun.boot.library.path" value="C:\Program Files\Java\jdk-10.0.2\bin"/>
    <property name="sun.java.command" value="C:\Users\87643\AppData\Local\Temp\surefire10180242107915010950\surefirebooter7209039149002833221.jar C:\Users\87643\AppData\Local\Temp\surefire10180242107915010950 2020-05-03T16-58-49_545-jvmRun1 surefire8578274679636063694tmp surefire_0613857646441521501tmp"/>
    <property name="jdk.debug" value="release"/>
    <property name="surefire.test.class.path" value="E:\why_homework\A4\Android\ser\target\test-classes;E:\why_homework\A4\Android\ser\target\classes;C:\Users\87643\.m2\repository\org\springframework\boot\spring-boot-starter-data-jdbc\2.2.6.RELEASE\spring-boot-starter-data-jdbc-2.2.6.RELEASE.jar;C:\Users\87643\.m2\repository\org\springframework\data\spring-data-jdbc\1.1.6.RELEASE\spring-data-jdbc-1.1.6.RELEASE.jar;C:\Users\87643\.m2\repository\org\springframework\data\spring-data-relational\1.1.6.RELEASE\spring-data-relational-1.1.6.RELEASE.jar;C:\Users\87643\.m2\repository\org\springframework\data\spring-data-commons\2.2.6.RELEASE\spring-data-commons-2.2.6.RELEASE.jar;C:\Users\87643\.m2\repository\org\springframework\spring-tx\5.2.5.RELEASE\spring-tx-5.2.5.RELEASE.jar;C:\Users\87643\.m2\repository\org\springframework\spring-context\5.2.5.RELEASE\spring-context-5.2.5.RELEASE.jar;C:\Users\87643\.m2\repository\org\springframework\spring-beans\5.2.5.RELEASE\spring-beans-5.2.5.RELEASE.jar;C:\Users\87643\.m2\repository\org\slf4j\slf4j-api\1.7.30\slf4j-api-1.7.30.jar;C:\Users\87643\.m2\repository\org\springframework\boot\spring-boot-starter-jdbc\2.2.6.RELEASE\spring-boot-starter-jdbc-2.2.6.RELEASE.jar;C:\Users\87643\.m2\repository\org\springframework\boot\spring-boot-starter\2.2.6.RELEASE\spring-boot-starter-2.2.6.RELEASE.jar;C:\Users\87643\.m2\repository\org\springframework\boot\spring-boot\2.2.6.RELEASE\spring-boot-2.2.6.RELEASE.jar;C:\Users\87643\.m2\repository\org\springframework\boot\spring-boot-autoconfigure\2.2.6.RELEASE\spring-boot-autoconfigure-2.2.6.RELEASE.jar;C:\Users\87643\.m2\repository\org\springframework\boot\spring-boot-starter-logging\2.2.6.RELEASE\spring-boot-starter-logging-2.2.6.RELEASE.jar;C:\Users\87643\.m2\repository\ch\qos\logback\logback-classic\1.2.3\logback-classic-1.2.3.jar;C:\Users\87643\.m2\repository\ch\qos\logback\logback-core\1.2.3\logback-core-1.2.3.jar;C:\Users\87643\.m2\repository\org\apache\logging\log4j\log4j-to-slf4j\2.12.1\log4j-to-slf4j-2.12.1.jar;C:\Users\87643\.m2\repository\org\apache\logging\log4j\log4j-api\2.12.1\log4j-api-2.12.1.jar;C:\Users\87643\.m2\repository\org\slf4j\jul-to-slf4j\1.7.30\jul-to-slf4j-1.7.30.jar;C:\Users\87643\.m2\repository\jakarta\annotation\jakarta.annotation-api\1.3.5\jakarta.annotation-api-1.3.5.jar;C:\Users\87643\.m2\repository\org\yaml\snakeyaml\1.25\snakeyaml-1.25.jar;C:\Users\87643\.m2\repository\com\zaxxer\HikariCP\3.4.2\HikariCP-3.4.2.jar;C:\Users\87643\.m2\repository\org\springframework\spring-jdbc\5.2.5.RELEASE\spring-jdbc-5.2.5.RELEASE.jar;C:\Users\87643\.m2\repository\org\springframework\boot\spring-boot-starter-web\2.2.6.RELEASE\spring-boot-starter-web-2.2.6.RELEASE.jar;C:\Users\87643\.m2\repository\org\springframework\boot\spring-boot-starter-json\2.2.6.RELEASE\spring-boot-starter-json-2.2.6.RELEASE.jar;C:\Users\87643\.m2\repository\com\fasterxml\jackson\core\jackson-databind\2.10.3\jackson-databind-2.10.3.jar;C:\Users\87643\.m2\repository\com\fasterxml\jackson\core\jackson-annotations\2.10.3\jackson-annotations-2.10.3.jar;C:\Users\87643\.m2\repository\com\fasterxml\jackson\core\jackson-core\2.10.3\jackson-core-2.10.3.jar;C:\Users\87643\.m2\repository\com\fasterxml\jackson\datatype\jackson-datatype-jdk8\2.10.3\jackson-datatype-jdk8-2.10.3.jar;C:\Users\87643\.m2\repository\com\fasterxml\jackson\datatype\jackson-datatype-jsr310\2.10.3\jackson-datatype-jsr310-2.10.3.jar;C:\Users\87643\.m2\repository\com\fasterxml\jackson\module\jackson-module-parameter-names\2.10.3\jackson-module-parameter-names-2.10.3.jar;C:\Users\87643\.m2\repository\org\springframework\boot\spring-boot-starter-tomcat\2.2.6.RELEASE\spring-boot-starter-tomcat-2.2.6.RELEASE.jar;C:\Users\87643\.m2\repository\org\apache\tomcat\embed\tomcat-embed-core\9.0.33\tomcat-embed-core-9.0.33.jar;C:\Users\87643\.m2\repository\org\apache\tomcat\embed\tomcat-embed-el\9.0.33\tomcat-embed-el-9.0.33.jar;C:\Users\87643\.m2\repository\org\apache\tomcat\embed\tomcat-embed-websocket\9.0.33\tomcat-embed-websocket-9.0.33.jar;C:\Users\87643\.m2\repository\org\springframework\boot\spring-boot-starter-validation\2.2.6.RELEASE\spring-boot-starter-validation-2.2.6.RELEASE.jar;C:\Users\87643\.m2\repository\jakarta\validation\jakarta.validation-api\2.0.2\jakarta.validation-api-2.0.2.jar;C:\Users\87643\.m2\repository\org\hibernate\validator\hibernate-validator\6.0.18.Final\hibernate-validator-6.0.18.Final.jar;C:\Users\87643\.m2\repository\org\jboss\logging\jboss-logging\3.4.1.Final\jboss-logging-3.4.1.Final.jar;C:\Users\87643\.m2\repository\com\fasterxml\classmate\1.5.1\classmate-1.5.1.jar;C:\Users\87643\.m2\repository\org\springframework\spring-web\5.2.5.RELEASE\spring-web-5.2.5.RELEASE.jar;C:\Users\87643\.m2\repository\org\springframework\spring-webmvc\5.2.5.RELEASE\spring-webmvc-5.2.5.RELEASE.jar;C:\Users\87643\.m2\repository\org\springframework\spring-aop\5.2.5.RELEASE\spring-aop-5.2.5.RELEASE.jar;C:\Users\87643\.m2\repository\org\springframework\spring-expression\5.2.5.RELEASE\spring-expression-5.2.5.RELEASE.jar;C:\Users\87643\.m2\repository\mysql\mysql-connector-java\8.0.19\mysql-connector-java-8.0.19.jar;C:\Users\87643\.m2\repository\org\springframework\boot\spring-boot-starter-test\2.2.6.RELEASE\spring-boot-starter-test-2.2.6.RELEASE.jar;C:\Users\87643\.m2\repository\org\springframework\boot\spring-boot-test\2.2.6.RELEASE\spring-boot-test-2.2.6.RELEASE.jar;C:\Users\87643\.m2\repository\org\springframework\boot\spring-boot-test-autoconfigure\2.2.6.RELEASE\spring-boot-test-autoconfigure-2.2.6.RELEASE.jar;C:\Users\87643\.m2\repository\com\jayway\jsonpath\json-path\2.4.0\json-path-2.4.0.jar;C:\Users\87643\.m2\repository\net\minidev\json-smart\2.3\json-smart-2.3.jar;C:\Users\87643\.m2\repository\net\minidev\accessors-smart\1.2\accessors-smart-1.2.jar;C:\Users\87643\.m2\repository\org\ow2\asm\asm\5.0.4\asm-5.0.4.jar;C:\Users\87643\.m2\repository\jakarta\xml\bind\jakarta.xml.bind-api\2.3.3\jakarta.xml.bind-api-2.3.3.jar;C:\Users\87643\.m2\repository\jakarta\activation\jakarta.activation-api\1.2.2\jakarta.activation-api-1.2.2.jar;C:\Users\87643\.m2\repository\org\junit\jupiter\junit-jupiter\5.5.2\junit-jupiter-5.5.2.jar;C:\Users\87643\.m2\repository\org\junit\jupiter\junit-jupiter-api\5.5.2\junit-jupiter-api-5.5.2.jar;C:\Users\87643\.m2\repository\org\apiguardian\apiguardian-api\1.1.0\apiguardian-api-1.1.0.jar;C:\Users\87643\.m2\repository\org\opentest4j\opentest4j\1.2.0\opentest4j-1.2.0.jar;C:\Users\87643\.m2\repository\org\junit\platform\junit-platform-commons\1.5.2\junit-platform-commons-1.5.2.jar;C:\Users\87643\.m2\repository\org\junit\jupiter\junit-jupiter-params\5.5.2\junit-jupiter-params-5.5.2.jar;C:\Users\87643\.m2\repository\org\junit\jupiter\junit-jupiter-engine\5.5.2\junit-jupiter-engine-5.5.2.jar;C:\Users\87643\.m2\repository\org\junit\platform\junit-platform-engine\1.5.2\junit-platform-engine-1.5.2.jar;C:\Users\87643\.m2\repository\org\mockito\mockito-junit-jupiter\3.1.0\mockito-junit-jupiter-3.1.0.jar;C:\Users\87643\.m2\repository\org\assertj\assertj-core\3.13.2\assertj-core-3.13.2.jar;C:\Users\87643\.m2\repository\org\hamcrest\hamcrest\2.1\hamcrest-2.1.jar;C:\Users\87643\.m2\repository\org\mockito\mockito-core\3.1.0\mockito-core-3.1.0.jar;C:\Users\87643\.m2\repository\net\bytebuddy\byte-buddy\1.10.8\byte-buddy-1.10.8.jar;C:\Users\87643\.m2\repository\net\bytebuddy\byte-buddy-agent\1.10.8\byte-buddy-agent-1.10.8.jar;C:\Users\87643\.m2\repository\org\objenesis\objenesis\2.6\objenesis-2.6.jar;C:\Users\87643\.m2\repository\org\skyscreamer\jsonassert\1.5.0\jsonassert-1.5.0.jar;C:\Users\87643\.m2\repository\com\vaadin\external\google\android-json\0.0.20131108.vaadin1\android-json-0.0.20131108.vaadin1.jar;C:\Users\87643\.m2\repository\org\springframework\spring-core\5.2.5.RELEASE\spring-core-5.2.5.RELEASE.jar;C:\Users\87643\.m2\repository\org\springframework\spring-jcl\5.2.5.RELEASE\spring-jcl-5.2.5.RELEASE.jar;C:\Users\87643\.m2\repository\org\springframework\spring-test\5.2.5.RELEASE\spring-test-5.2.5.RELEASE.jar;C:\Users\87643\.m2\repository\org\xmlunit\xmlunit-core\2.6.4\xmlunit-core-2.6.4.jar;"/>
    <property name="sun.cpu.endian" value="little"/>
    <property name="user.home" value="C:\Users\87643"/>
    <property name="user.language" value="zh"/>
    <property name="java.specification.vendor" value="Oracle Corporation"/>
    <property name="java.version.date" value="2018-07-17"/>
    <property name="java.home" value="C:\Program Files\Java\jdk-10.0.2"/>
    <property name="file.separator" value="\"/>
    <property name="basedir" value="E:\why_homework\A4\Android\ser"/>
    <property name="java.vm.compressedOopsMode" value="Zero based"/>
    <property name="line.separator" value="&#10;"/>
    <property name="java.specification.name" value="Java Platform API Specification"/>
    <property name="java.vm.specification.vendor" value="Oracle Corporation"/>
    <property name="java.awt.graphicsenv" value="sun.awt.Win32GraphicsEnvironment"/>
    <property name="idea.version2020.1.1" value="true"/>
    <property name="surefire.real.class.path" value="C:\Users\87643\AppData\Local\Temp\surefire10180242107915010950\surefirebooter7209039149002833221.jar"/>
    <property name="user.script" value=""/>
    <property name="sun.management.compiler" value="HotSpot 64-Bit Tiered Compilers"/>
    <property name="java.runtime.version" value="10.0.2+13"/>
    <property name="user.name" value="Magic Gunner"/>
    <property name="path.separator" value=";"/>
    <property name="os.version" value="10.0"/>
    <property name="java.runtime.name" value="Java(TM) SE Runtime Environment"/>
    <property name="file.encoding" value="GBK"/>
    <property name="java.vm.name" value="Java HotSpot(TM) 64-Bit Server VM"/>
    <property name="java.vendor.version" value="18.3"/>
    <property name="localRepository" value="C:\Users\87643\.m2\repository"/>
    <property name="java.vendor.url.bug" value="http://bugreport.java.com/bugreport/"/>
    <property name="java.io.tmpdir" value="C:\Users\87643\AppData\Local\Temp\"/>
    <property name="java.version" value="10.0.2"/>
    <property name="user.dir" value="E:\why_homework\A4\Android\ser"/>
    <property name="os.arch" value="amd64"/>
    <property name="java.vm.specification.name" value="Java Virtual Machine Specification"/>
    <property name="java.awt.printerjob" value="sun.awt.windows.WPrinterJob"/>
    <property name="sun.os.patch.level" value=""/>
    <property name="java.library.path" value="C:\Program Files\Java\jdk-10.0.2\bin;C:\WINDOWS\Sun\Java\bin;C:\WINDOWS\system32;C:\WINDOWS;E:\python2.7\py\;E:\python2.7\py\Scripts;D:\cuda\bin;D:\cuda\libnvvp;C:\Program Files (x86)\Common Files\Oracle\Java\javapath;C:\ProgramData\Oracle\Java\javapath;.;C:\Program Files (x86)\Java\jre1.8.0_181\bin;D:\phptools\mysql\bin;C:\Program Files\Microsoft VS Code\bin;D:\nodejs\;C:\Program Files\NVIDIA Corporation\Nsight Compute 2019.5.0\;C:\Program Files\NVIDIA Corporation\NVIDIA NvDLISR;C:\Program Files (x86)\NVIDIA Corporation\PhysX\Common;C:\Users\87643\AppData\Local\Programs\Python\Python37;C:\Users\87643\AppData\Local\Programs\Python\Python37\Scripts;C:\Program Files\Common Files\Autodesk Shared\;C:\Program Files (x86)\Autodesk\Backburner\;E:\Microsoft SQL Server\Client SDK\ODBC\170\Tools\Binn\;E:\Microsoft SQL Server x86\150\Tools\Binn\;E:\Microsoft SQL Server\150\Tools\Binn\;E:\Microsoft SQL Server\150\DTS\Binn\;D:\anaconda\conda;D:\anaconda\conda\Library\mingw-w64\bin;D:\anaconda\conda\Library\usr\bin;D:\anaconda\conda\Library\bin;D:\anaconda\conda\Scripts;C:\Users\87643\AppData\Local\Programs\Python\Python37\Scripts\;C:\Users\87643\AppData\Local\Programs\Python\Python37\;C:\Users\87643\AppData\Local\Microsoft\WindowsApps;C:\Users\87643\AppData\Local\GitHubDesktop\bin;C:\Program Files\JetBrains\PyCharm Community Edition 2019.2.2\bin;;C:\Users\87643\AppData\Roaming\npm;D:\anaconda\conda\pkgs\intel-openmp-2020.0-166\Library\bin\opentorch;D:\anaconda\conda\DLLs;D:\anaconda\conda\envs\python2\DLLs;D:\anaconda\conda\envs\python2\Lib\site-packages\torch\lib;D:\anaconda\conda\envs\python2\Lib\site-packages;D:\anaconda\conda\envs\python2\Lib\site-packages\torch;D:\anaconda\conda\envs\python2\Lib\site-packages\torch\lib\_C.lib;;."/>
    <property name="java.vendor" value="Oracle Corporation"/>
    <property name="java.vm.info" value="mixed mode"/>
    <property name="java.vm.version" value="10.0.2+13"/>
    <property name="sun.io.unicode.encoding" value="UnicodeLittle"/>
    <property name="java.class.version" value="54.0"/>
  </properties>
  <testcase name="contextLoads" classname="com.server.server.ServerApplicationTests" time="0.001">
    <error message="Failed to load ApplicationContext" type="java.lang.IllegalStateException">java.lang.IllegalStateException: Failed to load ApplicationContext
Caused by: org.springframework.beans.factory.BeanCreationException: Error creating bean with name 'dataSource' defined in class path resource [org/springframework/boot/autoconfigure/jdbc/DataSourceConfiguration$Hikari.class]: Bean instantiation via factory method failed; nested exception is org.springframework.beans.BeanInstantiationException: Failed to instantiate [com.zaxxer.hikari.HikariDataSource]: Factory method 'dataSource' threw exception; nested exception is org.springframework.boot.autoconfigure.jdbc.DataSourceProperties$DataSourceBeanCreationException: Failed to determine a suitable driver class
Caused by: org.springframework.beans.BeanInstantiationException: Failed to instantiate [com.zaxxer.hikari.HikariDataSource]: Factory method 'dataSource' threw exception; nested exception is org.springframework.boot.autoconfigure.jdbc.DataSourceProperties$DataSourceBeanCreationException: Failed to determine a suitable driver class
Caused by: org.springframework.boot.autoconfigure.jdbc.DataSourceProperties$DataSourceBeanCreationException: Failed to determine a suitable driver class
</error>
    <system-out><![CDATA[16:58:50.335 [main] DEBUG org.springframework.test.context.BootstrapUtils - Instantiating CacheAwareContextLoaderDelegate from class [org.springframework.test.context.cache.DefaultCacheAwareContextLoaderDelegate]
16:58:50.344 [main] DEBUG org.springframework.test.context.BootstrapUtils - Instantiating BootstrapContext using constructor [public org.springframework.test.context.support.DefaultBootstrapContext(java.lang.Class,org.springframework.test.context.CacheAwareContextLoaderDelegate)]
16:58:50.368 [main] DEBUG org.springframework.test.context.BootstrapUtils - Instantiating TestContextBootstrapper for test class [com.server.server.ServerApplicationTests] from class [org.springframework.boot.test.context.SpringBootTestContextBootstrapper]
16:58:50.379 [main] INFO org.springframework.boot.test.context.SpringBootTestContextBootstrapper - Neither @ContextConfiguration nor @ContextHierarchy found for test class [com.server.server.ServerApplicationTests], using SpringBootContextLoader
16:58:50.382 [main] DEBUG org.springframework.test.context.support.AbstractContextLoader - Did not detect default resource location for test class [com.server.server.ServerApplicationTests]: class path resource [com/server/server/ServerApplicationTests-context.xml] does not exist
16:58:50.382 [main] DEBUG org.springframework.test.context.support.AbstractContextLoader - Did not detect default resource location for test class [com.server.server.ServerApplicationTests]: class path resource [com/server/server/ServerApplicationTestsContext.groovy] does not exist
16:58:50.383 [main] INFO org.springframework.test.context.support.AbstractContextLoader - Could not detect default resource locations for test class [com.server.server.ServerApplicationTests]: no resource found for suffixes {-context.xml, Context.groovy}.
16:58:50.383 [main] INFO org.springframework.test.context.support.AnnotationConfigContextLoaderUtils - Could not detect default configuration classes for test class [com.server.server.ServerApplicationTests]: ServerApplicationTests does not declare any static, non-private, non-final, nested classes annotated with @Configuration.
16:58:50.414 [main] DEBUG org.springframework.test.context.support.ActiveProfilesUtils - Could not find an 'annotation declaring class' for annotation type [org.springframework.test.context.ActiveProfiles] and class [com.server.server.ServerApplicationTests]
16:58:50.465 [main] DEBUG org.springframework.context.annotation.ClassPathScanningCandidateComponentProvider - Identified candidate component class: file [E:\why_homework\A4\Android\ser\target\classes\com\server\server\ServerApplication.class]
16:58:50.467 [main] INFO org.springframework.boot.test.context.SpringBootTestContextBootstrapper - Found @SpringBootConfiguration com.server.server.ServerApplication for test class com.server.server.ServerApplicationTests
16:58:50.542 [main] DEBUG org.springframework.boot.test.context.SpringBootTestContextBootstrapper - @TestExecutionListeners is not present for class [com.server.server.ServerApplicationTests]: using defaults.
16:58:50.542 [main] INFO org.springframework.boot.test.context.SpringBootTestContextBootstrapper - Loaded default TestExecutionListener class names from location [META-INF/spring.factories]: [org.springframework.boot.test.mock.mockito.MockitoTestExecutionListener, org.springframework.boot.test.mock.mockito.ResetMocksTestExecutionListener, org.springframework.boot.test.autoconfigure.restdocs.RestDocsTestExecutionListener, org.springframework.boot.test.autoconfigure.web.client.MockRestServiceServerResetTestExecutionListener, org.springframework.boot.test.autoconfigure.web.servlet.MockMvcPrintOnlyOnFailureTestExecutionListener, org.springframework.boot.test.autoconfigure.web.servlet.WebDriverTestExecutionListener, org.springframework.test.context.web.ServletTestExecutionListener, org.springframework.test.context.support.DirtiesContextBeforeModesTestExecutionListener, org.springframework.test.context.support.DependencyInjectionTestExecutionListener, org.springframework.test.context.support.DirtiesContextTestExecutionListener, org.springframework.test.context.transaction.TransactionalTestExecutionListener, org.springframework.test.context.jdbc.SqlScriptsTestExecutionListener, org.springframework.test.context.event.EventPublishingTestExecutionListener]
16:58:50.555 [main] INFO org.springframework.boot.test.context.SpringBootTestContextBootstrapper - Using TestExecutionListeners: [org.springframework.test.context.web.ServletTestExecutionListener@2101b44a, org.springframework.test.context.support.DirtiesContextBeforeModesTestExecutionListener@2cc3ad05, org.springframework.boot.test.mock.mockito.MockitoTestExecutionListener@710b18a6, org.springframework.boot.test.autoconfigure.SpringBootDependencyInjectionTestExecutionListener@119020fb, org.springframework.test.context.support.DirtiesContextTestExecutionListener@3d9f6567, org.springframework.test.context.transaction.TransactionalTestExecutionListener@c055c54, org.springframework.test.context.jdbc.SqlScriptsTestExecutionListener@25e2ab5a, org.springframework.test.context.event.EventPublishingTestExecutionListener@35e5d0e5, org.springframework.boot.test.mock.mockito.ResetMocksTestExecutionListener@73173f63, org.springframework.boot.test.autoconfigure.restdocs.RestDocsTestExecutionListener@55562aa9, org.springframework.boot.test.autoconfigure.web.client.MockRestServiceServerResetTestExecutionListener@655ef322, org.springframework.boot.test.autoconfigure.web.servlet.MockMvcPrintOnlyOnFailureTestExecutionListener@7e276594, org.springframework.boot.test.autoconfigure.web.servlet.WebDriverTestExecutionListener@3401a114]
16:58:50.557 [main] DEBUG org.springframework.test.context.support.AbstractDirtiesContextTestExecutionListener - Before test class: context [DefaultTestContext@522a32b1 testClass = ServerApplicationTests, testInstance = [null], testMethod = [null], testException = [null], mergedContextConfiguration = [WebMergedContextConfiguration@35390ee3 testClass = ServerApplicationTests, locations = '{}', classes = '{class com.server.server.ServerApplication}', contextInitializerClasses = '[]', activeProfiles = '{}', propertySourceLocations = '{}', propertySourceProperties = '{org.springframework.boot.test.context.SpringBootTestContextBootstrapper=true}', contextCustomizers = set[org.springframework.boot.test.context.filter.ExcludeFilterContextCustomizer@928763c, org.springframework.boot.test.json.DuplicateJsonObjectContextCustomizerFactory$DuplicateJsonObjectContextCustomizer@471a9022, org.springframework.boot.test.mock.mockito.MockitoContextCustomizer@0, org.springframework.boot.test.web.client.TestRestTemplateContextCustomizer@cd1e646, org.springframework.boot.test.autoconfigure.properties.PropertyMappingContextCustomizer@0, org.springframework.boot.test.autoconfigure.web.servlet.WebDriverContextCustomizerFactory$Customizer@723e88f9], resourceBasePath = 'src/main/webapp', contextLoader = 'org.springframework.boot.test.context.SpringBootContextLoader', parent = [null]], attributes = map['org.springframework.test.context.web.ServletTestExecutionListener.activateListener' -> true]], class annotated with @DirtiesContext [false] with mode [null].
16:58:50.580 [main] DEBUG org.springframework.test.context.support.TestPropertySourceUtils - Adding inlined properties to environment: {spring.jmx.enabled=false, org.springframework.boot.test.context.SpringBootTestContextBootstrapper=true, server.port=-1}

  .   ____          _            __ _ _
 /\\ / ___'_ __ _ _(_)_ __  __ _ \ \ \ \
( ( )\___ | '_ | '_| | '_ \/ _` | \ \ \ \
 \\/  ___)| |_)| | | | | || (_| |  ) ) ) )
  '  |____| .__|_| |_|_| |_\__, | / / / /
 =========|_|==============|___/=/_/_/_/
 :: Spring Boot ::        (v2.2.6.RELEASE)

2020-05-03 16:58:50.794  INFO 7964 --- [           main] c.server.server.ServerApplicationTests   : Starting ServerApplicationTests on DESKTOP-I8PKEFR with PID 7964 (started by Magic Gunner in E:\why_homework\A4\Android\ser)
2020-05-03 16:58:50.795  INFO 7964 --- [           main] c.server.server.ServerApplicationTests   : No active profile set, falling back to default profiles: default
2020-05-03 16:58:51.273  INFO 7964 --- [           main] .s.d.r.c.RepositoryConfigurationDelegate : Bootstrapping Spring Data JDBC repositories in DEFAULT mode.
2020-05-03 16:58:51.289  INFO 7964 --- [           main] .s.d.r.c.RepositoryConfigurationDelegate : Finished Spring Data repository scanning in 12ms. Found 0 JDBC repository interfaces.
2020-05-03 16:58:51.988  INFO 7964 --- [           main] o.s.s.concurrent.ThreadPoolTaskExecutor  : Initializing ExecutorService 'applicationTaskExecutor'
2020-05-03 16:58:52.165  WARN 7964 --- [           main] o.s.w.c.s.GenericWebApplicationContext   : Exception encountered during context initialization - cancelling refresh attempt: org.springframework.beans.factory.BeanCreationException: Error creating bean with name 'dataSource' defined in class path resource [org/springframework/boot/autoconfigure/jdbc/DataSourceConfiguration$Hikari.class]: Bean instantiation via factory method failed; nested exception is org.springframework.beans.BeanInstantiationException: Failed to instantiate [com.zaxxer.hikari.HikariDataSource]: Factory method 'dataSource' threw exception; nested exception is org.springframework.boot.autoconfigure.jdbc.DataSourceProperties$DataSourceBeanCreationException: Failed to determine a suitable driver class
2020-05-03 16:58:52.166  INFO 7964 --- [           main] o.s.s.concurrent.ThreadPoolTaskExecutor  : Shutting down ExecutorService 'applicationTaskExecutor'
2020-05-03 16:58:52.172  INFO 7964 --- [           main] ConditionEvaluationReportLoggingListener : 

Error starting ApplicationContext. To display the conditions report re-run your application with 'debug' enabled.
2020-05-03 16:58:52.174 ERROR 7964 --- [           main] o.s.b.d.LoggingFailureAnalysisReporter   : 

***************************
APPLICATION FAILED TO START
***************************

Description:

Failed to configure a DataSource: 'url' attribute is not specified and no embedded datasource could be configured.

Reason: Failed to determine a suitable driver class


Action:

Consider the following:
	If you want an embedded database (H2, HSQL or Derby), please put it on the classpath.
	If you have database settings to be loaded from a particular profile you may need to activate it (no profiles are currently active).

2020-05-03 16:58:52.179 ERROR 7964 --- [           main] o.s.test.context.TestContextManager      : Caught exception while allowing TestExecutionListener [org.springframework.test.context.web.ServletTestExecutionListener@2101b44a] to prepare test instance [com.server.server.ServerApplicationTests@7c0f28f8]

java.lang.IllegalStateException: Failed to load ApplicationContext
	at org.springframework.test.context.cache.DefaultCacheAwareContextLoaderDelegate.loadContext(DefaultCacheAwareContextLoaderDelegate.java:132) ~[spring-test-5.2.5.RELEASE.jar:5.2.5.RELEASE]
	at org.springframework.test.context.support.DefaultTestContext.getApplicationContext(DefaultTestContext.java:123) ~[spring-test-5.2.5.RELEASE.jar:5.2.5.RELEASE]
	at org.springframework.test.context.web.ServletTestExecutionListener.setUpRequestContextIfNecessary(ServletTestExecutionListener.java:190) ~[spring-test-5.2.5.RELEASE.jar:5.2.5.RELEASE]
	at org.springframework.test.context.web.ServletTestExecutionListener.prepareTestInstance(ServletTestExecutionListener.java:132) ~[spring-test-5.2.5.RELEASE.jar:5.2.5.RELEASE]
	at org.springframework.test.context.TestContextManager.prepareTestInstance(TestContextManager.java:244) ~[spring-test-5.2.5.RELEASE.jar:5.2.5.RELEASE]
	at org.springframework.test.context.junit.jupiter.SpringExtension.postProcessTestInstance(SpringExtension.java:98) [spring-test-5.2.5.RELEASE.jar:5.2.5.RELEASE]
	at org.junit.jupiter.engine.descriptor.ClassBasedTestDescriptor.lambda$invokeTestInstancePostProcessors$5(ClassBasedTestDescriptor.java:337) [junit-jupiter-engine-5.5.2.jar:5.5.2]
	at org.junit.jupiter.engine.descriptor.ClassBasedTestDescriptor.executeAndMaskThrowable(ClassBasedTestDescriptor.java:342) [junit-jupiter-engine-5.5.2.jar:5.5.2]
	at org.junit.jupiter.engine.descriptor.ClassBasedTestDescriptor.lambda$invokeTestInstancePostProcessors$6(ClassBasedTestDescriptor.java:337) [junit-jupiter-engine-5.5.2.jar:5.5.2]
	at java.base/java.util.stream.ReferencePipeline$3$1.accept(ReferencePipeline.java:195) ~[na:na]
	at java.base/java.util.stream.ReferencePipeline$2$1.accept(ReferencePipeline.java:177) ~[na:na]
	at java.base/java.util.ArrayList$ArrayListSpliterator.forEachRemaining(ArrayList.java:1492) ~[na:na]
	at java.base/java.util.stream.AbstractPipeline.copyInto(AbstractPipeline.java:484) ~[na:na]
	at java.base/java.util.stream.AbstractPipeline.wrapAndCopyInto(AbstractPipeline.java:474) ~[na:na]
	at java.base/java.util.stream.StreamSpliterators$WrappingSpliterator.forEachRemaining(StreamSpliterators.java:312) ~[na:na]
	at java.base/java.util.stream.Streams$ConcatSpliterator.forEachRemaining(Streams.java:735) ~[na:na]
	at java.base/java.util.stream.Streams$ConcatSpliterator.forEachRemaining(Streams.java:734) ~[na:na]
	at java.base/java.util.stream.ReferencePipeline$Head.forEach(ReferencePipeline.java:658) ~[na:na]
	at org.junit.jupiter.engine.descriptor.ClassBasedTestDescriptor.invokeTestInstancePostProcessors(ClassBasedTestDescriptor.java:336) [junit-jupiter-engine-5.5.2.jar:5.5.2]
	at org.junit.jupiter.engine.descriptor.ClassBasedTestDescriptor.instantiateAndPostProcessTestInstance(ClassBasedTestDescriptor.java:259) [junit-jupiter-engine-5.5.2.jar:5.5.2]
	at org.junit.jupiter.engine.descriptor.ClassBasedTestDescriptor.lambda$testInstancesProvider$2(ClassBasedTestDescriptor.java:252) [junit-jupiter-engine-5.5.2.jar:5.5.2]
	at java.base/java.util.Optional.orElseGet(Optional.java:358) ~[na:na]
	at org.junit.jupiter.engine.descriptor.ClassBasedTestDescriptor.lambda$testInstancesProvider$3(ClassBasedTestDescriptor.java:251) [junit-jupiter-engine-5.5.2.jar:5.5.2]
	at org.junit.jupiter.engine.execution.TestInstancesProvider.getTestInstances(TestInstancesProvider.java:29) ~[junit-jupiter-engine-5.5.2.jar:5.5.2]
	at org.junit.jupiter.engine.descriptor.TestMethodTestDescriptor.lambda$prepare$0(TestMethodTestDescriptor.java:106) ~[junit-jupiter-engine-5.5.2.jar:5.5.2]
	at org.junit.platform.engine.support.hierarchical.ThrowableCollector.execute(ThrowableCollector.java:73) ~[junit-platform-engine-1.5.2.jar:1.5.2]
	at org.junit.jupiter.engine.descriptor.TestMethodTestDescriptor.prepare(TestMethodTestDescriptor.java:105) ~[junit-jupiter-engine-5.5.2.jar:5.5.2]
	at org.junit.jupiter.engine.descriptor.TestMethodTestDescriptor.prepare(TestMethodTestDescriptor.java:69) ~[junit-jupiter-engine-5.5.2.jar:5.5.2]
	at org.junit.platform.engine.support.hierarchical.NodeTestTask.lambda$prepare$1(NodeTestTask.java:107) ~[junit-platform-engine-1.5.2.jar:1.5.2]
	at org.junit.platform.engine.support.hierarchical.ThrowableCollector.execute(ThrowableCollector.java:73) ~[junit-platform-engine-1.5.2.jar:1.5.2]
	at org.junit.platform.engine.support.hierarchical.NodeTestTask.prepare(NodeTestTask.java:107) ~[junit-platform-engine-1.5.2.jar:1.5.2]
	at org.junit.platform.engine.support.hierarchical.NodeTestTask.execute(NodeTestTask.java:75) ~[junit-platform-engine-1.5.2.jar:1.5.2]
	at java.base/java.util.ArrayList.forEach(ArrayList.java:1378) ~[na:na]
	at org.junit.platform.engine.support.hierarchical.SameThreadHierarchicalTestExecutorService.invokeAll(SameThreadHierarchicalTestExecutorService.java:38) ~[junit-platform-engine-1.5.2.jar:1.5.2]
	at org.junit.platform.engine.support.hierarchical.NodeTestTask.lambda$executeRecursively$5(NodeTestTask.java:139) ~[junit-platform-engine-1.5.2.jar:1.5.2]
	at org.junit.platform.engine.support.hierarchical.ThrowableCollector.execute(ThrowableCollector.java:73) ~[junit-platform-engine-1.5.2.jar:1.5.2]
	at org.junit.platform.engine.support.hierarchical.NodeTestTask.lambda$executeRecursively$7(NodeTestTask.java:125) ~[junit-platform-engine-1.5.2.jar:1.5.2]
	at org.junit.platform.engine.support.hierarchical.Node.around(Node.java:135) ~[junit-platform-engine-1.5.2.jar:1.5.2]
	at org.junit.platform.engine.support.hierarchical.NodeTestTask.lambda$executeRecursively$8(NodeTestTask.java:123) ~[junit-platform-engine-1.5.2.jar:1.5.2]
	at org.junit.platform.engine.support.hierarchical.ThrowableCollector.execute(ThrowableCollector.java:73) ~[junit-platform-engine-1.5.2.jar:1.5.2]
	at org.junit.platform.engine.support.hierarchical.NodeTestTask.executeRecursively(NodeTestTask.java:122) ~[junit-platform-engine-1.5.2.jar:1.5.2]
	at org.junit.platform.engine.support.hierarchical.NodeTestTask.execute(NodeTestTask.java:80) ~[junit-platform-engine-1.5.2.jar:1.5.2]
	at java.base/java.util.ArrayList.forEach(ArrayList.java:1378) ~[na:na]
	at org.junit.platform.engine.support.hierarchical.SameThreadHierarchicalTestExecutorService.invokeAll(SameThreadHierarchicalTestExecutorService.java:38) ~[junit-platform-engine-1.5.2.jar:1.5.2]
	at org.junit.platform.engine.support.hierarchical.NodeTestTask.lambda$executeRecursively$5(NodeTestTask.java:139) ~[junit-platform-engine-1.5.2.jar:1.5.2]
	at org.junit.platform.engine.support.hierarchical.ThrowableCollector.execute(ThrowableCollector.java:73) ~[junit-platform-engine-1.5.2.jar:1.5.2]
	at org.junit.platform.engine.support.hierarchical.NodeTestTask.lambda$executeRecursively$7(NodeTestTask.java:125) ~[junit-platform-engine-1.5.2.jar:1.5.2]
	at org.junit.platform.engine.support.hierarchical.Node.around(Node.java:135) ~[junit-platform-engine-1.5.2.jar:1.5.2]
	at org.junit.platform.engine.support.hierarchical.NodeTestTask.lambda$executeRecursively$8(NodeTestTask.java:123) ~[junit-platform-engine-1.5.2.jar:1.5.2]
	at org.junit.platform.engine.support.hierarchical.ThrowableCollector.execute(ThrowableCollector.java:73) ~[junit-platform-engine-1.5.2.jar:1.5.2]
	at org.junit.platform.engine.support.hierarchical.NodeTestTask.executeRecursively(NodeTestTask.java:122) ~[junit-platform-engine-1.5.2.jar:1.5.2]
	at org.junit.platform.engine.support.hierarchical.NodeTestTask.execute(NodeTestTask.java:80) ~[junit-platform-engine-1.5.2.jar:1.5.2]
	at org.junit.platform.engine.support.hierarchical.SameThreadHierarchicalTestExecutorService.submit(SameThreadHierarchicalTestExecutorService.java:32) ~[junit-platform-engine-1.5.2.jar:1.5.2]
	at org.junit.platform.engine.support.hierarchical.HierarchicalTestExecutor.execute(HierarchicalTestExecutor.java:57) ~[junit-platform-engine-1.5.2.jar:1.5.2]
	at org.junit.platform.engine.support.hierarchical.HierarchicalTestEngine.execute(HierarchicalTestEngine.java:51) ~[junit-platform-engine-1.5.2.jar:1.5.2]
	at org.junit.platform.launcher.core.DefaultLauncher.execute(DefaultLauncher.java:220) ~[junit-platform-launcher-1.3.1.jar:1.3.1]
	at org.junit.platform.launcher.core.DefaultLauncher.lambda$execute$6(DefaultLauncher.java:188) ~[junit-platform-launcher-1.3.1.jar:1.3.1]
	at org.junit.platform.launcher.core.DefaultLauncher.withInterceptedStreams(DefaultLauncher.java:202) ~[junit-platform-launcher-1.3.1.jar:1.3.1]
	at org.junit.platform.launcher.core.DefaultLauncher.execute(DefaultLauncher.java:181) ~[junit-platform-launcher-1.3.1.jar:1.3.1]
	at org.junit.platform.launcher.core.DefaultLauncher.execute(DefaultLauncher.java:128) ~[junit-platform-launcher-1.3.1.jar:1.3.1]
	at org.apache.maven.surefire.junitplatform.JUnitPlatformProvider.invokeAllTests(JUnitPlatformProvider.java:150) ~[surefire-junit-platform-2.22.2.jar:2.22.2]
	at org.apache.maven.surefire.junitplatform.JUnitPlatformProvider.invoke(JUnitPlatformProvider.java:124) ~[surefire-junit-platform-2.22.2.jar:2.22.2]
	at org.apache.maven.surefire.booter.ForkedBooter.invokeProviderInSameClassLoader(ForkedBooter.java:384) ~[surefire-booter-2.22.2.jar:2.22.2]
	at org.apache.maven.surefire.booter.ForkedBooter.runSuitesInProcess(ForkedBooter.java:345) ~[surefire-booter-2.22.2.jar:2.22.2]
	at org.apache.maven.surefire.booter.ForkedBooter.execute(ForkedBooter.java:126) ~[surefire-booter-2.22.2.jar:2.22.2]
	at org.apache.maven.surefire.booter.ForkedBooter.main(ForkedBooter.java:418) ~[surefire-booter-2.22.2.jar:2.22.2]
Caused by: org.springframework.beans.factory.BeanCreationException: Error creating bean with name 'dataSource' defined in class path resource [org/springframework/boot/autoconfigure/jdbc/DataSourceConfiguration$Hikari.class]: Bean instantiation via factory method failed; nested exception is org.springframework.beans.BeanInstantiationException: Failed to instantiate [com.zaxxer.hikari.HikariDataSource]: Factory method 'dataSource' threw exception; nested exception is org.springframework.boot.autoconfigure.jdbc.DataSourceProperties$DataSourceBeanCreationException: Failed to determine a suitable driver class
	at org.springframework.beans.factory.support.ConstructorResolver.instantiate(ConstructorResolver.java:656) ~[spring-beans-5.2.5.RELEASE.jar:5.2.5.RELEASE]
	at org.springframework.beans.factory.support.ConstructorResolver.instantiateUsingFactoryMethod(ConstructorResolver.java:636) ~[spring-beans-5.2.5.RELEASE.jar:5.2.5.RELEASE]
	at org.springframework.beans.factory.support.AbstractAutowireCapableBeanFactory.instantiateUsingFactoryMethod(AbstractAutowireCapableBeanFactory.java:1338) ~[spring-beans-5.2.5.RELEASE.jar:5.2.5.RELEASE]
	at org.springframework.beans.factory.support.AbstractAutowireCapableBeanFactory.createBeanInstance(AbstractAutowireCapableBeanFactory.java:1177) ~[spring-beans-5.2.5.RELEASE.jar:5.2.5.RELEASE]
	at org.springframework.beans.factory.support.AbstractAutowireCapableBeanFactory.doCreateBean(AbstractAutowireCapableBeanFactory.java:557) ~[spring-beans-5.2.5.RELEASE.jar:5.2.5.RELEASE]
	at org.springframework.beans.factory.support.AbstractAutowireCapableBeanFactory.createBean(AbstractAutowireCapableBeanFactory.java:517) ~[spring-beans-5.2.5.RELEASE.jar:5.2.5.RELEASE]
	at org.springframework.beans.factory.support.AbstractBeanFactory.lambda$doGetBean$0(AbstractBeanFactory.java:323) ~[spring-beans-5.2.5.RELEASE.jar:5.2.5.RELEASE]
	at org.springframework.beans.factory.support.DefaultSingletonBeanRegistry.getSingleton(DefaultSingletonBeanRegistry.java:222) ~[spring-beans-5.2.5.RELEASE.jar:5.2.5.RELEASE]
	at org.springframework.beans.factory.support.AbstractBeanFactory.doGetBean(AbstractBeanFactory.java:321) ~[spring-beans-5.2.5.RELEASE.jar:5.2.5.RELEASE]
	at org.springframework.beans.factory.support.AbstractBeanFactory.getBean(AbstractBeanFactory.java:202) ~[spring-beans-5.2.5.RELEASE.jar:5.2.5.RELEASE]
	at org.springframework.beans.factory.support.DefaultListableBeanFactory.preInstantiateSingletons(DefaultListableBeanFactory.java:882) ~[spring-beans-5.2.5.RELEASE.jar:5.2.5.RELEASE]
	at org.springframework.context.support.AbstractApplicationContext.finishBeanFactoryInitialization(AbstractApplicationContext.java:878) ~[spring-context-5.2.5.RELEASE.jar:5.2.5.RELEASE]
	at org.springframework.context.support.AbstractApplicationContext.refresh(AbstractApplicationContext.java:550) ~[spring-context-5.2.5.RELEASE.jar:5.2.5.RELEASE]
	at org.springframework.boot.SpringApplication.refresh(SpringApplication.java:747) ~[spring-boot-2.2.6.RELEASE.jar:2.2.6.RELEASE]
	at org.springframework.boot.SpringApplication.refreshContext(SpringApplication.java:397) ~[spring-boot-2.2.6.RELEASE.jar:2.2.6.RELEASE]
	at org.springframework.boot.SpringApplication.run(SpringApplication.java:315) ~[spring-boot-2.2.6.RELEASE.jar:2.2.6.RELEASE]
	at org.springframework.boot.test.context.SpringBootContextLoader.loadContext(SpringBootContextLoader.java:126) ~[spring-boot-test-2.2.6.RELEASE.jar:2.2.6.RELEASE]
	at org.springframework.test.context.cache.DefaultCacheAwareContextLoaderDelegate.loadContextInternal(DefaultCacheAwareContextLoaderDelegate.java:99) ~[spring-test-5.2.5.RELEASE.jar:5.2.5.RELEASE]
	at org.springframework.test.context.cache.DefaultCacheAwareContextLoaderDelegate.loadContext(DefaultCacheAwareContextLoaderDelegate.java:124) ~[spring-test-5.2.5.RELEASE.jar:5.2.5.RELEASE]
	... 65 common frames omitted
Caused by: org.springframework.beans.BeanInstantiationException: Failed to instantiate [com.zaxxer.hikari.HikariDataSource]: Factory method 'dataSource' threw exception; nested exception is org.springframework.boot.autoconfigure.jdbc.DataSourceProperties$DataSourceBeanCreationException: Failed to determine a suitable driver class
	at org.springframework.beans.factory.support.SimpleInstantiationStrategy.instantiate(SimpleInstantiationStrategy.java:185) ~[spring-beans-5.2.5.RELEASE.jar:5.2.5.RELEASE]
	at org.springframework.beans.factory.support.ConstructorResolver.instantiate(ConstructorResolver.java:651) ~[spring-beans-5.2.5.RELEASE.jar:5.2.5.RELEASE]
	... 83 common frames omitted
Caused by: org.springframework.boot.autoconfigure.jdbc.DataSourceProperties$DataSourceBeanCreationException: Failed to determine a suitable driver class
	at org.springframework.boot.autoconfigure.jdbc.DataSourceProperties.determineDriverClassName(DataSourceProperties.java:233) ~[spring-boot-autoconfigure-2.2.6.RELEASE.jar:2.2.6.RELEASE]
	at org.springframework.boot.autoconfigure.jdbc.DataSourceProperties.initializeDataSourceBuilder(DataSourceProperties.java:174) ~[spring-boot-autoconfigure-2.2.6.RELEASE.jar:2.2.6.RELEASE]
	at org.springframework.boot.autoconfigure.jdbc.DataSourceConfiguration.createDataSource(DataSourceConfiguration.java:43) ~[spring-boot-autoconfigure-2.2.6.RELEASE.jar:2.2.6.RELEASE]
	at org.springframework.boot.autoconfigure.jdbc.DataSourceConfiguration$Hikari.dataSource(DataSourceConfiguration.java:85) ~[spring-boot-autoconfigure-2.2.6.RELEASE.jar:2.2.6.RELEASE]
	at java.base/jdk.internal.reflect.NativeMethodAccessorImpl.invoke0(Native Method) ~[na:na]
	at java.base/jdk.internal.reflect.NativeMethodAccessorImpl.invoke(NativeMethodAccessorImpl.java:62) ~[na:na]
	at java.base/jdk.internal.reflect.DelegatingMethodAccessorImpl.invoke(DelegatingMethodAccessorImpl.java:43) ~[na:na]
	at java.base/java.lang.reflect.Method.invoke(Method.java:564) ~[na:na]
	at org.springframework.beans.factory.support.SimpleInstantiationStrategy.instantiate(SimpleInstantiationStrategy.java:154) ~[spring-beans-5.2.5.RELEASE.jar:5.2.5.RELEASE]
	... 84 common frames omitted

]]></system-out>
  </testcase>
</testsuite>